[0.014s] Invoking command in '/home/butthead/WS/robrep/hight/nuc/hight/build/hight': CMAKE_PREFIX_PATH=/opt/ros/humble /usr/bin/cmake --build /home/butthead/WS/robrep/hight/nuc/hight/build/hight -- -j4 -l4
[0.057s] [35m[1mConsolidate compiler generated dependencies of target listener[0m
[0.058s] [35m[1mConsolidate compiler generated dependencies of target talker[0m
[0.074s] [ 50%] [32mBuilding CXX object CMakeFiles/talker.dir/src/publisher.cpp.o[0m
[0.074s] [ 50%] [32mBuilding CXX object CMakeFiles/listener.dir/src/subscriber.cpp.o[0m
[2.626s] [01m[K/home/butthead/WS/robrep/hight/nuc/hight/src/publisher.cpp:[m[K In constructor â€˜[01m[KMinimalPublisher::MinimalPublisher()[m[Kâ€™:
[2.626s] [01m[K/home/butthead/WS/robrep/hight/nuc/hight/src/publisher.cpp:15:63:[m[K [01;31m[Kerror: [m[Kâ€˜[01m[Kmsgs[m[Kâ€™ is not a member of â€˜[01m[Kstd_msgs[m[Kâ€™; did you mean â€˜[01m[Kmsg[m[Kâ€™?
[2.626s]    15 |                 publisher_ = this->create_publisher<std_msgs::[01;31m[Kmsgs[m[K::String>("topic", 10);
[2.626s]       |                                                               [01;31m[K^~~~[m[K
[2.626s]       |                                                               [32m[Kmsg[m[K
[2.627s] [01m[K/home/butthead/WS/robrep/hight/nuc/hight/src/publisher.cpp:15:36:[m[K [01;31m[Kerror: [m[Kparse error in template argument list
[2.627s]    15 |                 publisher_ = this->[01;31m[Kcreate_publisher<std_msgs::msgs::String>[m[K("topic", 10);
[2.627s]       |                                    [01;31m[K^~~~~~~~~~~~~~~~~~~~~~~~~~~~~~~~~~~~~~~~[m[K
[2.627s] [01m[K/home/butthead/WS/robrep/hight/nuc/hight/src/publisher.cpp:15:76:[m[K [01;31m[Kerror: [m[Kno matching function for call to â€˜[01m[KMinimalPublisher::create_publisher<<expression error> >(const char [6], int)[m[Kâ€™
[2.627s]    15 |                 publisher_ = [01;31m[Kthis->create_publisher<std_msgs::msgs::String>("topic", 10)[m[K;
[2.627s]       |                              [01;31m[K~~~~~~~~~~~~~~~~~~~~~~~~~~~~~~~~~~~~~~~~~~~~~~^~~~~~~~~~~~~[m[K
[2.627s] In file included from [01m[K/opt/ros/humble/include/rclcpp/rclcpp/executors/single_threaded_executor.hpp:28[m[K,
[2.627s]                  from [01m[K/opt/ros/humble/include/rclcpp/rclcpp/executors.hpp:22[m[K,
[2.628s]                  from [01m[K/opt/ros/humble/include/rclcpp/rclcpp/rclcpp.hpp:155[m[K,
[2.628s]                  from [01m[K/home/butthead/WS/robrep/hight/nuc/hight/src/publisher.cpp:6[m[K:
[2.628s] [01m[K/opt/ros/humble/include/rclcpp/rclcpp/node.hpp:195:3:[m[K [01;36m[Knote: [m[Kcandidate: â€˜[01m[Ktemplate<class MessageT, class AllocatorT, class PublisherT> std::shared_ptr<PublisherT> rclcpp::Node::create_publisher(const string&, const rclcpp::QoS&, const rclcpp::PublisherOptionsWithAllocator<AllocatorT>&)[m[Kâ€™
[2.628s]   195 |   [01;36m[Kcreate_publisher[m[K(
[2.628s]       |   [01;36m[K^~~~~~~~~~~~~~~~[m[K
[2.628s] [01m[K/opt/ros/humble/include/rclcpp/rclcpp/node.hpp:195:3:[m[K [01;36m[Knote: [m[K  template argument deduction/substitution failed:
[2.628s] [01m[K/home/butthead/WS/robrep/hight/nuc/hight/src/publisher.cpp:15:76:[m[K [01;31m[Kerror: [m[Ktemplate argument 1 is invalid
[2.628s]    15 |                 publisher_ = [01;31m[Kthis->create_publisher<std_msgs::msgs::String>("topic", 10)[m[K;
[2.629s]       |                              [01;31m[K~~~~~~~~~~~~~~~~~~~~~~~~~~~~~~~~~~~~~~~~~~~~~~^~~~~~~~~~~~~[m[K
[2.629s] [01m[K/home/butthead/WS/robrep/hight/nuc/hight/src/publisher.cpp:16:86:[m[K [01;31m[Kerror: [m[Kinvalid use of member function â€˜[01m[Kvoid MinimalPublisher::timer_callback()[m[Kâ€™ (did you forget the â€˜[01m[K()[m[Kâ€™ ?)
[2.629s]    16 |             timer_ = this->create_wall_timer(500ms, std::bind(&[01;31m[KMinimalPublisher::timer_callback[m[K. this));
[2.629s]       |                                                                [01;31m[K~~~~~~~~~~~~~~~~~~^~~~~~~~~~~~~~[m[K
[2.629s]       |                                                                                                [32m[K()[m[K
[2.724s] [01m[K/home/butthead/WS/robrep/hight/nuc/hight/src/subscriber.cpp:19:29:[m[K [01;31m[Kerror: [m[Kexpected â€˜[01m[K,[m[Kâ€™ or â€˜[01m[K...[m[Kâ€™ before â€˜[01m[K*[m[Kâ€™ token
[2.724s]    19 | int main(int argc, char argv[01;31m[K*[m[K*)
[2.725s]       |                             [01;31m[K^[m[K
[2.725s] [01m[K/home/butthead/WS/robrep/hight/nuc/hight/src/subscriber.cpp:25:2:[m[K [01;31m[Kerror: [m[Kexpected â€˜[01m[K}[m[Kâ€™ at end of input
[2.725s]    25 | }
[2.725s]       |  [01;31m[K^[m[K
[2.725s] [01m[K/home/butthead/WS/robrep/hight/nuc/hight/src/subscriber.cpp:7:1:[m[K [01;36m[Knote: [m[Kto match this â€˜[01m[K{[m[Kâ€™
[2.725s]     7 | [01;36m[K{[m[K
[2.725s]       | [01;36m[K^[m[K
[2.728s] [01m[K/home/butthead/WS/robrep/hight/nuc/hight/src/subscriber.cpp:[m[K In constructor â€˜[01m[KMinimalSubscriber::MinimalSubscriber()[m[Kâ€™:
[2.728s] [01m[K/home/butthead/WS/robrep/hight/nuc/hight/src/subscriber.cpp:17:91:[m[K [01;31m[Kerror: [m[Kexpected unqualified-id before numeric constant
[2.728s]    17 |                 subscription_ = this->create_subscription<std_msgs::msg::String>("topic". [01;31m[K10[m[K, std::bind(&MinimalSubscriber::topic_callback, this, _1));
[2.729s]       |                                                                                           [01;31m[K^~[m[K
[2.734s] [01m[K/home/butthead/WS/robrep/hight/nuc/hight/src/subscriber.cpp:[m[K In member function â€˜[01m[Kint MinimalSubscriber::main(int, char)[m[Kâ€™:
[2.734s] [01m[K/home/butthead/WS/robrep/hight/nuc/hight/src/subscriber.cpp:21:28:[m[K [01;31m[Kerror: [m[Kinvalid conversion from â€˜[01m[Kchar[m[Kâ€™ to â€˜[01m[Kconst char* const*[m[Kâ€™ [[01;31m[K]8;;https://gcc.gnu.org/onlinedocs/gcc/Warning-Options.html#index-fpermissive-fpermissive]8;;[m[K]
[2.734s]    21 |         rclcpp::init(argc, [01;31m[Kargv[m[K);
[2.735s]       |                            [01;31m[K^~~~[m[K
[2.735s]       |                            [01;31m[K|[m[K
[2.735s]       |                            [01;31m[Kchar[m[K
[2.735s] In file included from [01m[K/opt/ros/humble/include/rclcpp/rclcpp/logging.hpp:25[m[K,
[2.735s]                  from [01m[K/opt/ros/humble/include/rclcpp/rclcpp/client.hpp:40[m[K,
[2.735s]                  from [01m[K/opt/ros/humble/include/rclcpp/rclcpp/callback_group.hpp:23[m[K,
[2.735s]                  from [01m[K/opt/ros/humble/include/rclcpp/rclcpp/any_executable.hpp:20[m[K,
[2.735s]                  from [01m[K/opt/ros/humble/include/rclcpp/rclcpp/memory_strategy.hpp:25[m[K,
[2.736s]                  from [01m[K/opt/ros/humble/include/rclcpp/rclcpp/memory_strategies.hpp:18[m[K,
[2.736s]                  from [01m[K/opt/ros/humble/include/rclcpp/rclcpp/executor_options.hpp:20[m[K,
[2.736s]                  from [01m[K/opt/ros/humble/include/rclcpp/rclcpp/executor.hpp:37[m[K,
[2.736s]                  from [01m[K/opt/ros/humble/include/rclcpp/rclcpp/executors/multi_threaded_executor.hpp:25[m[K,
[2.736s]                  from [01m[K/opt/ros/humble/include/rclcpp/rclcpp/executors.hpp:21[m[K,
[2.736s]                  from [01m[K/opt/ros/humble/include/rclcpp/rclcpp/rclcpp.hpp:155[m[K,
[2.736s]                  from [01m[K/home/butthead/WS/robrep/hight/nuc/hight/src/subscriber.cpp:3[m[K:
[2.737s] [01m[K/opt/ros/humble/include/rclcpp/rclcpp/utilities.hpp:77:24:[m[K [01;36m[Knote: [m[K  initializing argument 2 of â€˜[01m[Kvoid rclcpp::init(int, const char* const*, const rclcpp::InitOptions&, rclcpp::SignalHandlerOptions)[m[Kâ€™
[2.737s]    77 |   [01;36m[Kchar const * const * argv[m[K,
[2.737s]       |   [01;36m[K~~~~~~~~~~~~~~~~~~~~~^~~~[m[K
[2.741s] [01m[K/home/butthead/WS/robrep/hight/nuc/hight/src/subscriber.cpp:[m[K At global scope:
[2.741s] [01m[K/home/butthead/WS/robrep/hight/nuc/hight/src/subscriber.cpp:25:2:[m[K [01;31m[Kerror: [m[Kexpected unqualified-id at end of input
[2.742s]    25 | }
[2.742s]       |  [01;31m[K^[m[K
[3.234s] gmake[2]: *** [CMakeFiles/talker.dir/build.make:76: CMakeFiles/talker.dir/src/publisher.cpp.o] Error 1
[3.234s] gmake[1]: *** [CMakeFiles/Makefile2:139: CMakeFiles/talker.dir/all] Error 2
[3.234s] gmake[1]: *** Waiting for unfinished jobs....
[3.255s] gmake[2]: *** [CMakeFiles/listener.dir/build.make:76: CMakeFiles/listener.dir/src/subscriber.cpp.o] Error 1
[3.256s] gmake[1]: *** [CMakeFiles/Makefile2:165: CMakeFiles/listener.dir/all] Error 2
[3.256s] gmake: *** [Makefile:146: all] Error 2
[3.258s] Invoked command in '/home/butthead/WS/robrep/hight/nuc/hight/build/hight' returned '2': CMAKE_PREFIX_PATH=/opt/ros/humble /usr/bin/cmake --build /home/butthead/WS/robrep/hight/nuc/hight/build/hight -- -j4 -l4
