[0.016s] Invoking command in '/home/butthead/WS/robrep/hight/nuc/hight/build/hight': CMAKE_PREFIX_PATH=/opt/ros/humble /usr/bin/cmake --build /home/butthead/WS/robrep/hight/nuc/hight/build/hight -- -j4 -l4
[0.064s] [35m[1mConsolidate compiler generated dependencies of target talker[0m
[0.064s] [35m[1mConsolidate compiler generated dependencies of target listener[0m
[0.080s] [ 50%] [32mBuilding CXX object CMakeFiles/listener.dir/src/subscriber.cpp.o[0m
[0.080s] [ 50%] [32mBuilding CXX object CMakeFiles/talker.dir/src/publisher.cpp.o[0m
[2.724s] [01m[K/home/butthead/WS/robrep/hight/nuc/hight/src/subscriber.cpp:19:29:[m[K [01;31m[Kerror: [m[Kexpected â€˜[01m[K,[m[Kâ€™ or â€˜[01m[K...[m[Kâ€™ before â€˜[01m[K*[m[Kâ€™ token
[2.724s]    19 | int main(int argc, char argv[01;31m[K*[m[K*)
[2.724s]       |                             [01;31m[K^[m[K
[2.724s] [01m[K/home/butthead/WS/robrep/hight/nuc/hight/src/subscriber.cpp:25:2:[m[K [01;31m[Kerror: [m[Kexpected â€˜[01m[K}[m[Kâ€™ at end of input
[2.724s]    25 | }
[2.724s]       |  [01;31m[K^[m[K
[2.725s] [01m[K/home/butthead/WS/robrep/hight/nuc/hight/src/subscriber.cpp:7:1:[m[K [01;36m[Knote: [m[Kto match this â€˜[01m[K{[m[Kâ€™
[2.725s]     7 | [01;36m[K{[m[K
[2.725s]       | [01;36m[K^[m[K
[2.727s] [01m[K/home/butthead/WS/robrep/hight/nuc/hight/src/subscriber.cpp:[m[K In constructor â€˜[01m[KMinimalSubscriber::MinimalSubscriber()[m[Kâ€™:
[2.728s] [01m[K/home/butthead/WS/robrep/hight/nuc/hight/src/subscriber.cpp:17:91:[m[K [01;31m[Kerror: [m[Kexpected unqualified-id before numeric constant
[2.728s]    17 |                 subscription_ = this->create_subscription<std_msgs::msg::String>("topic". [01;31m[K10[m[K, std::bind(&MinimalSubscriber::topic_callback, this, _1));
[2.728s]       |                                                                                           [01;31m[K^~[m[K
[2.733s] [01m[K/home/butthead/WS/robrep/hight/nuc/hight/src/subscriber.cpp:[m[K In member function â€˜[01m[Kint MinimalSubscriber::main(int, char)[m[Kâ€™:
[2.733s] [01m[K/home/butthead/WS/robrep/hight/nuc/hight/src/subscriber.cpp:21:28:[m[K [01;31m[Kerror: [m[Kinvalid conversion from â€˜[01m[Kchar[m[Kâ€™ to â€˜[01m[Kconst char* const*[m[Kâ€™ [[01;31m[K]8;;https://gcc.gnu.org/onlinedocs/gcc/Warning-Options.html#index-fpermissive-fpermissive]8;;[m[K]
[2.733s]    21 |         rclcpp::init(argc, [01;31m[Kargv[m[K);
[2.734s]       |                            [01;31m[K^~~~[m[K
[2.734s]       |                            [01;31m[K|[m[K
[2.734s]       |                            [01;31m[Kchar[m[K
[2.734s] In file included from [01m[K/opt/ros/humble/include/rclcpp/rclcpp/logging.hpp:25[m[K,
[2.734s]                  from [01m[K/opt/ros/humble/include/rclcpp/rclcpp/client.hpp:40[m[K,
[2.734s]                  from [01m[K/opt/ros/humble/include/rclcpp/rclcpp/callback_group.hpp:23[m[K,
[2.734s]                  from [01m[K/opt/ros/humble/include/rclcpp/rclcpp/any_executable.hpp:20[m[K,
[2.734s]                  from [01m[K/opt/ros/humble/include/rclcpp/rclcpp/memory_strategy.hpp:25[m[K,
[2.734s]                  from [01m[K/opt/ros/humble/include/rclcpp/rclcpp/memory_strategies.hpp:18[m[K,
[2.735s]                  from [01m[K/opt/ros/humble/include/rclcpp/rclcpp/executor_options.hpp:20[m[K,
[2.735s]                  from [01m[K/opt/ros/humble/include/rclcpp/rclcpp/executor.hpp:37[m[K,
[2.735s]                  from [01m[K/opt/ros/humble/include/rclcpp/rclcpp/executors/multi_threaded_executor.hpp:25[m[K,
[2.735s]                  from [01m[K/opt/ros/humble/include/rclcpp/rclcpp/executors.hpp:21[m[K,
[2.735s]                  from [01m[K/opt/ros/humble/include/rclcpp/rclcpp/rclcpp.hpp:155[m[K,
[2.735s]                  from [01m[K/home/butthead/WS/robrep/hight/nuc/hight/src/subscriber.cpp:3[m[K:
[2.735s] [01m[K/opt/ros/humble/include/rclcpp/rclcpp/utilities.hpp:77:24:[m[K [01;36m[Knote: [m[K  initializing argument 2 of â€˜[01m[Kvoid rclcpp::init(int, const char* const*, const rclcpp::InitOptions&, rclcpp::SignalHandlerOptions)[m[Kâ€™
[2.735s]    77 |   [01;36m[Kchar const * const * argv[m[K,
[2.736s]       |   [01;36m[K~~~~~~~~~~~~~~~~~~~~~^~~~[m[K
[2.740s] [01m[K/home/butthead/WS/robrep/hight/nuc/hight/src/subscriber.cpp:[m[K At global scope:
[2.740s] [01m[K/home/butthead/WS/robrep/hight/nuc/hight/src/subscriber.cpp:25:2:[m[K [01;31m[Kerror: [m[Kexpected unqualified-id at end of input
[2.740s]    25 | }
[2.740s]       |  [01;31m[K^[m[K
[2.746s] [01m[K/home/butthead/WS/robrep/hight/nuc/hight/src/publisher.cpp:[m[K In constructor â€˜[01m[KMinimalPublisher::MinimalPublisher()[m[Kâ€™:
[2.747s] [01m[K/home/butthead/WS/robrep/hight/nuc/hight/src/publisher.cpp:16:100:[m[K [01;31m[Kerror: [m[Kinvalid use of â€˜[01m[Kvoid[m[Kâ€™
[2.747s]    16 | mer_ = this->create_wall_timer(500ms, std::bind(&[01;31m[KMinimalPublisher::timer_callback()[m[K. this));
[2.747s]       |                                                  [01;31m[K~~~~~~~~~~~~~~~~~~~~~~~~~~~~~~~~^~[m[K
[2.747s] 
[3.243s] gmake[2]: *** [CMakeFiles/listener.dir/build.make:76: CMakeFiles/listener.dir/src/subscriber.cpp.o] Error 1
[3.243s] gmake[1]: *** [CMakeFiles/Makefile2:165: CMakeFiles/listener.dir/all] Error 2
[3.243s] gmake[1]: *** Waiting for unfinished jobs....
[3.636s] gmake[2]: *** [CMakeFiles/talker.dir/build.make:76: CMakeFiles/talker.dir/src/publisher.cpp.o] Error 1
[3.636s] gmake[1]: *** [CMakeFiles/Makefile2:139: CMakeFiles/talker.dir/all] Error 2
[3.637s] gmake: *** [Makefile:146: all] Error 2
[3.640s] Invoked command in '/home/butthead/WS/robrep/hight/nuc/hight/build/hight' returned '2': CMAKE_PREFIX_PATH=/opt/ros/humble /usr/bin/cmake --build /home/butthead/WS/robrep/hight/nuc/hight/build/hight -- -j4 -l4
