[0.014s] Invoking command in '/home/butthead/WS/robrep/hight/nuc/hight/build/hight': CMAKE_PREFIX_PATH=/opt/ros/humble /usr/bin/cmake --build /home/butthead/WS/robrep/hight/nuc/hight/build/hight -- -j4 -l4
[0.058s] [35m[1mConsolidate compiler generated dependencies of target listener[0m
[0.059s] [35m[1mConsolidate compiler generated dependencies of target talker[0m
[0.075s] [ 50%] [32mBuilding CXX object CMakeFiles/listener.dir/src/subscriber.cpp.o[0m
[0.076s] [ 50%] [32mBuilding CXX object CMakeFiles/talker.dir/src/publisher.cpp.o[0m
[2.653s] [01m[K/home/butthead/WS/robrep/hight/nuc/hight/src/publisher.cpp:[m[K In constructor â€˜[01m[KMinimalPublisher::MinimalPublisher()[m[Kâ€™:
[2.654s] [01m[K/home/butthead/WS/robrep/hight/nuc/hight/src/publisher.cpp:16:50:[m[K [01;31m[Kerror: [m[Kunable to find numeric literal operator â€˜[01m[Koperator""ms.[m[Kâ€™
[2.654s]    16 |                 timer_ = this->create_wall_timer([01;31m[K500ms.[m[K std::bind(&MinimalPublisher::timer_callback. this));
[2.654s]       |                                                  [01;31m[K^~~~~~[m[K
[2.692s] [01m[K/home/butthead/WS/robrep/hight/nuc/hight/src/subscriber.cpp:9:40:[m[K [01;31m[Kerror: [m[Kâ€˜[01m[KString[m[Kâ€™ is not a member of â€˜[01m[Kstd_msgs[m[Kâ€™; did you mean â€˜[01m[Kstd_msgs::msg::String[m[Kâ€™?
[2.692s]     9 |         rclcpp::Subscription<std_msgs::[01;31m[KString[m[K>::SharedPtr subscription_;
[2.692s]       |                                        [01;31m[K^~~~~~[m[K
[2.692s] In file included from [01m[K/opt/ros/humble/include/std_msgs/std_msgs/msg/string.hpp:7[m[K,
[2.692s]                  from [01m[K/home/butthead/WS/robrep/hight/nuc/hight/src/subscriber.cpp:4[m[K:
[2.692s] [01m[K/opt/ros/humble/include/std_msgs/std_msgs/msg/detail/string__struct.hpp:122:7:[m[K [01;36m[Knote: [m[Kâ€˜[01m[Kstd_msgs::msg::String[m[Kâ€™ declared here
[2.693s]   122 | using [01;36m[KString[m[K =
[2.693s]       |       [01;36m[K^~~~~~[m[K
[2.693s] [01m[K/home/butthead/WS/robrep/hight/nuc/hight/src/subscriber.cpp:9:46:[m[K [01;31m[Kerror: [m[Ktemplate argument 1 is invalid
[2.693s]     9 |         rclcpp::Subscription<std_msgs::String[01;31m[K>[m[K::SharedPtr subscription_;
[2.693s]       |                                              [01;31m[K^[m[K
[2.693s] [01m[K/home/butthead/WS/robrep/hight/nuc/hight/src/subscriber.cpp:9:46:[m[K [01;31m[Kerror: [m[Ktemplate argument 3 is invalid
[2.693s] [01m[K/home/butthead/WS/robrep/hight/nuc/hight/src/subscriber.cpp:9:46:[m[K [01;31m[Kerror: [m[Ktemplate argument 4 is invalid
[2.693s] [01m[K/home/butthead/WS/robrep/hight/nuc/hight/src/subscriber.cpp:9:46:[m[K [01;31m[Kerror: [m[Ktemplate argument 5 is invalid
[2.693s] [01m[K/home/butthead/WS/robrep/hight/nuc/hight/src/subscriber.cpp:9:49:[m[K [01;31m[Kerror: [m[Kexpected â€˜[01m[K;[m[Kâ€™ at end of member declaration
[2.693s]     9 |         rclcpp::Subscription<std_msgs::String>::[01;31m[KSharedPtr[m[K subscription_;
[2.693s]       |                                                 [01;31m[K^~~~~~~~~[m[K
[2.694s]       |                                                          [32m[K;[m[K
[2.696s] [01m[K/home/butthead/WS/robrep/hight/nuc/hight/src/subscriber.cpp:9:59:[m[K [01;31m[Kerror: [m[Kâ€˜[01m[Ksubscription_[m[Kâ€™ does not name a type; did you mean â€˜[01m[Krmw_subscription_t[m[Kâ€™?
[2.696s]     9 |         rclcpp::Subscription<std_msgs::String>::SharedPtr [01;31m[Ksubscription_[m[K;
[2.696s]       |                                                           [01;31m[K^~~~~~~~~~~~~[m[K
[2.696s]       |                                                           [32m[Krmw_subscription_t[m[K
[2.696s] [01m[K/home/butthead/WS/robrep/hight/nuc/hight/src/subscriber.cpp:19:29:[m[K [01;31m[Kerror: [m[Kexpected â€˜[01m[K,[m[Kâ€™ or â€˜[01m[K...[m[Kâ€™ before â€˜[01m[K*[m[Kâ€™ token
[2.697s]    19 | int main(int argc, char argv[01;31m[K*[m[K*)
[2.697s]       |                             [01;31m[K^[m[K
[2.697s] [01m[K/home/butthead/WS/robrep/hight/nuc/hight/src/subscriber.cpp:25:2:[m[K [01;31m[Kerror: [m[Kexpected â€˜[01m[K}[m[Kâ€™ at end of input
[2.697s]    25 | }
[2.697s]       |  [01;31m[K^[m[K
[2.697s] [01m[K/home/butthead/WS/robrep/hight/nuc/hight/src/subscriber.cpp:7:1:[m[K [01;36m[Knote: [m[Kto match this â€˜[01m[K{[m[Kâ€™
[2.698s]     7 | [01;36m[K{[m[K
[2.698s]       | [01;36m[K^[m[K
[2.709s] [01m[K/home/butthead/WS/robrep/hight/nuc/hight/src/subscriber.cpp:[m[K In constructor â€˜[01m[KMinimalSubscriber::MinimalSubscriber()[m[Kâ€™:
[2.709s] [01m[K/home/butthead/WS/robrep/hight/nuc/hight/src/subscriber.cpp:17:17:[m[K [01;31m[Kerror: [m[Kâ€˜[01m[Ksubscription_[m[Kâ€™ was not declared in this scope; did you mean â€˜[01m[Krmw_subscription_t[m[Kâ€™?
[2.709s]    17 |                 [01;31m[Ksubscription_[m[K = this->create_subscription<std_msgs::msg::String>("topic". 10, std::bind(&MinimalSubscriber::topic_callback, this, _1));
[2.709s]       |                 [01;31m[K^~~~~~~~~~~~~[m[K
[2.709s]       |                 [32m[Krmw_subscription_t[m[K
[2.709s] [01m[K/home/butthead/WS/robrep/hight/nuc/hight/src/subscriber.cpp:17:91:[m[K [01;31m[Kerror: [m[Kexpected unqualified-id before numeric constant
[2.710s]    17 |                 subscription_ = this->create_subscription<std_msgs::msg::String>("topic". [01;31m[K10[m[K, std::bind(&MinimalSubscriber::topic_callback, this, _1));
[2.710s]       |                                                                                           [01;31m[K^~[m[K
[2.715s] [01m[K/home/butthead/WS/robrep/hight/nuc/hight/src/subscriber.cpp:[m[K In member function â€˜[01m[Kint MinimalSubscriber::main(int, char)[m[Kâ€™:
[2.715s] [01m[K/home/butthead/WS/robrep/hight/nuc/hight/src/subscriber.cpp:21:28:[m[K [01;31m[Kerror: [m[Kinvalid conversion from â€˜[01m[Kchar[m[Kâ€™ to â€˜[01m[Kconst char* const*[m[Kâ€™ [[01;31m[K]8;;https://gcc.gnu.org/onlinedocs/gcc/Warning-Options.html#index-fpermissive-fpermissive]8;;[m[K]
[2.715s]    21 |         rclcpp::init(argc, [01;31m[Kargv[m[K);
[2.715s]       |                            [01;31m[K^~~~[m[K
[2.715s]       |                            [01;31m[K|[m[K
[2.716s]       |                            [01;31m[Kchar[m[K
[2.716s] In file included from [01m[K/opt/ros/humble/include/rclcpp/rclcpp/logging.hpp:25[m[K,
[2.716s]                  from [01m[K/opt/ros/humble/include/rclcpp/rclcpp/client.hpp:40[m[K,
[2.716s]                  from [01m[K/opt/ros/humble/include/rclcpp/rclcpp/callback_group.hpp:23[m[K,
[2.716s]                  from [01m[K/opt/ros/humble/include/rclcpp/rclcpp/any_executable.hpp:20[m[K,
[2.716s]                  from [01m[K/opt/ros/humble/include/rclcpp/rclcpp/memory_strategy.hpp:25[m[K,
[2.716s]                  from [01m[K/opt/ros/humble/include/rclcpp/rclcpp/memory_strategies.hpp:18[m[K,
[2.716s]                  from [01m[K/opt/ros/humble/include/rclcpp/rclcpp/executor_options.hpp:20[m[K,
[2.717s]                  from [01m[K/opt/ros/humble/include/rclcpp/rclcpp/executor.hpp:37[m[K,
[2.717s]                  from [01m[K/opt/ros/humble/include/rclcpp/rclcpp/executors/multi_threaded_executor.hpp:25[m[K,
[2.717s]                  from [01m[K/opt/ros/humble/include/rclcpp/rclcpp/executors.hpp:21[m[K,
[2.717s]                  from [01m[K/opt/ros/humble/include/rclcpp/rclcpp/rclcpp.hpp:155[m[K,
[2.717s]                  from [01m[K/home/butthead/WS/robrep/hight/nuc/hight/src/subscriber.cpp:3[m[K:
[2.717s] [01m[K/opt/ros/humble/include/rclcpp/rclcpp/utilities.hpp:77:24:[m[K [01;36m[Knote: [m[K  initializing argument 2 of â€˜[01m[Kvoid rclcpp::init(int, const char* const*, const rclcpp::InitOptions&, rclcpp::SignalHandlerOptions)[m[Kâ€™
[2.717s]    77 |   [01;36m[Kchar const * const * argv[m[K,
[2.717s]       |   [01;36m[K~~~~~~~~~~~~~~~~~~~~~^~~~[m[K
[2.720s] [01m[K/home/butthead/WS/robrep/hight/nuc/hight/src/subscriber.cpp:[m[K At global scope:
[2.720s] [01m[K/home/butthead/WS/robrep/hight/nuc/hight/src/subscriber.cpp:25:2:[m[K [01;31m[Kerror: [m[Kexpected unqualified-id at end of input
[2.720s]    25 | }
[2.720s]       |  [01;31m[K^[m[K
[3.241s] gmake[2]: *** [CMakeFiles/listener.dir/build.make:76: CMakeFiles/listener.dir/src/subscriber.cpp.o] Error 1
[3.242s] gmake[1]: *** [CMakeFiles/Makefile2:165: CMakeFiles/listener.dir/all] Error 2
[3.242s] gmake[1]: *** Waiting for unfinished jobs....
[3.542s] gmake[2]: *** [CMakeFiles/talker.dir/build.make:76: CMakeFiles/talker.dir/src/publisher.cpp.o] Error 1
[3.543s] gmake[1]: *** [CMakeFiles/Makefile2:139: CMakeFiles/talker.dir/all] Error 2
[3.543s] gmake: *** [Makefile:146: all] Error 2
[3.545s] Invoked command in '/home/butthead/WS/robrep/hight/nuc/hight/build/hight' returned '2': CMAKE_PREFIX_PATH=/opt/ros/humble /usr/bin/cmake --build /home/butthead/WS/robrep/hight/nuc/hight/build/hight -- -j4 -l4
