[0.014s] Invoking command in '/home/butthead/WS/robrep/hight/nuc/hight/build/hight': CMAKE_PREFIX_PATH=/opt/ros/humble /usr/bin/cmake /home/butthead/WS/robrep/hight/nuc/hight -DCMAKE_INSTALL_PREFIX=/home/butthead/WS/robrep/hight/nuc/hight/install/hight
[0.152s] -- The C compiler identification is GNU 11.2.0
[0.260s] -- The CXX compiler identification is GNU 11.2.0
[0.277s] -- Detecting C compiler ABI info
[0.350s] -- Detecting C compiler ABI info - done
[0.360s] -- Check for working C compiler: /usr/bin/cc - skipped
[0.360s] -- Detecting C compile features
[0.361s] -- Detecting C compile features - done
[0.365s] -- Detecting CXX compiler ABI info
[0.449s] -- Detecting CXX compiler ABI info - done
[0.459s] -- Check for working CXX compiler: /usr/bin/c++ - skipped
[0.459s] -- Detecting CXX compile features
[0.460s] -- Detecting CXX compile features - done
[0.468s] -- Found ament_cmake: 1.3.2 (/opt/ros/humble/share/ament_cmake/cmake)
[0.667s] -- Found Python3: /usr/bin/python3.10 (found version "3.10.4") found components: Interpreter 
[0.780s] -- Found rclcpp: 16.0.1 (/opt/ros/humble/share/rclcpp/cmake)
[0.849s] -- Found rosidl_generator_c: 3.1.3 (/opt/ros/humble/share/rosidl_generator_c/cmake)
[0.858s] -- Found rosidl_adapter: 3.1.3 (/opt/ros/humble/share/rosidl_adapter/cmake)
[0.871s] -- Found rosidl_generator_cpp: 3.1.3 (/opt/ros/humble/share/rosidl_generator_cpp/cmake)
[0.891s] -- Using all available rosidl_typesupport_c: rosidl_typesupport_fastrtps_c;rosidl_typesupport_introspection_c
[0.920s] -- Using all available rosidl_typesupport_cpp: rosidl_typesupport_fastrtps_cpp;rosidl_typesupport_introspection_cpp
[1.007s] -- Found rmw_implementation_cmake: 6.1.0 (/opt/ros/humble/share/rmw_implementation_cmake/cmake)
[1.010s] -- Found rmw_fastrtps_cpp: 6.2.1 (/opt/ros/humble/share/rmw_fastrtps_cpp/cmake)
[1.116s] -- Found OpenSSL: /usr/lib/x86_64-linux-gnu/libcrypto.so (found version "3.0.2")  
[1.144s] -- Found FastRTPS: /opt/ros/humble/include  
[1.191s] -- Using RMW implementation 'rmw_fastrtps_cpp' as default
[1.501s] -- Configuring done
[1.526s] -- Generating done
[1.528s] -- Build files have been written to: /home/butthead/WS/robrep/hight/nuc/hight/build/hight
[1.537s] Invoked command in '/home/butthead/WS/robrep/hight/nuc/hight/build/hight' returned '0': CMAKE_PREFIX_PATH=/opt/ros/humble /usr/bin/cmake /home/butthead/WS/robrep/hight/nuc/hight -DCMAKE_INSTALL_PREFIX=/home/butthead/WS/robrep/hight/nuc/hight/install/hight
[1.539s] Invoking command in '/home/butthead/WS/robrep/hight/nuc/hight/build/hight': CMAKE_PREFIX_PATH=/opt/ros/humble /usr/bin/cmake --build /home/butthead/WS/robrep/hight/nuc/hight/build/hight -- -j4 -l4
[1.592s] [ 50%] [32mBuilding CXX object CMakeFiles/talker.dir/src/publisher.cpp.o[0m
[1.592s] [ 50%] [32mBuilding CXX object CMakeFiles/listener.dir/src/subscriber.cpp.o[0m
[4.480s] [01m[K/home/butthead/WS/robrep/hight/nuc/hight/src/publisher.cpp:[m[K In constructor â€˜[01m[KMinimalPublisher::MinimalPublisher()[m[Kâ€™:
[4.482s] [01m[K/home/butthead/WS/robrep/hight/nuc/hight/src/publisher.cpp:16:50:[m[K [01;31m[Kerror: [m[Kunable to find numeric literal operator â€˜[01m[Koperator""ms.[m[Kâ€™
[4.482s]    16 |                 timer_ = this->create_wall_timer([01;31m[K500ms.[m[K std::bind(&MinimalPublisher::timer_callback. this));
[4.482s]       |                                                  [01;31m[K^~~~~~[m[K
[4.487s] [01m[K/home/butthead/WS/robrep/hight/nuc/hight/src/publisher.cpp:[m[K In member function â€˜[01m[Kvoid MinimalPublisher::timer_callback()[m[Kâ€™:
[4.487s] [01m[K/home/butthead/WS/robrep/hight/nuc/hight/src/publisher.cpp:24:37:[m[K [01;31m[Kerror: [m[Kâ€˜[01m[Kmassage[m[Kâ€™ was not declared in this scope; did you mean â€˜[01m[Kmessage[m[Kâ€™?
[4.487s]    24 |                 publisher_->publish([01;31m[Kmassage[m[K);
[4.487s]       |                                     [01;31m[K^~~~~~~[m[K
[4.487s]       |                                     [32m[Kmessage[m[K
[4.487s] [01m[K/home/butthead/WS/robrep/hight/nuc/hight/src/publisher.cpp:[m[K At global scope:
[4.488s] [01m[K/home/butthead/WS/robrep/hight/nuc/hight/src/publisher.cpp:30:18:[m[K [01;31m[Kerror: [m[Kexpected â€˜[01m[K,[m[Kâ€™ or â€˜[01m[K...[m[Kâ€™ before â€˜[01m[K.[m[Kâ€™ token
[4.488s]    30 | int main(int argc[01;31m[K.[m[K char **argv)
[4.488s]       |                  [01;31m[K^[m[K
[4.488s] [01m[K/home/butthead/WS/robrep/hight/nuc/hight/src/publisher.cpp:30:5:[m[K [01;35m[Kwarning: [m[Kâ€˜[01m[Kint main(int)[m[Kâ€™ takes only zero or two arguments [[01;35m[K]8;;https://gcc.gnu.org/onlinedocs/gcc/Warning-Options.html#index-Wmain-Wmain]8;;[m[K]
[4.489s]    30 | int [01;35m[Kmain[m[K(int argc. char **argv)
[4.489s]       |     [01;35m[K^~~~[m[K
[4.492s] [01m[K/home/butthead/WS/robrep/hight/nuc/hight/src/publisher.cpp:[m[K In function â€˜[01m[Kint main(int)[m[Kâ€™:
[4.492s] [01m[K/home/butthead/WS/robrep/hight/nuc/hight/src/publisher.cpp:32:28:[m[K [01;31m[Kerror: [m[Kâ€˜[01m[Kargv[m[Kâ€™ was not declared in this scope; did you mean â€˜[01m[Kargc[m[Kâ€™?
[4.492s]    32 |         rclcpp::init(argc, [01;31m[Kargv[m[K);
[4.492s]       |                            [01;31m[K^~~~[m[K
[4.492s]       |                            [32m[Kargc[m[K
[4.551s] [01m[K/home/butthead/WS/robrep/hight/nuc/hight/src/subscriber.cpp:9:35:[m[K [01;31m[Kerror: [m[Kâ€˜[01m[Kmsg[m[Kâ€™ is not a member of â€˜[01m[Kstd[m[Kâ€™
[4.551s]     9 |         rclcpp::Subscription<std::[01;31m[Kmsg[m[K::String>::SharedPtr subscription_;
[4.552s]       |                                   [01;31m[K^~~[m[K
[4.552s] [01m[K/home/butthead/WS/robrep/hight/nuc/hight/src/subscriber.cpp:9:35:[m[K [01;36m[Knote: [m[Ksuggested alternatives:
[4.552s] In file included from [01m[K/opt/ros/humble/include/builtin_interfaces/builtin_interfaces/msg/duration.hpp:7[m[K,
[4.552s]                  from [01m[K/opt/ros/humble/include/rclcpp/rclcpp/duration.hpp:20[m[K,
[4.552s]                  from [01m[K/opt/ros/humble/include/rclcpp/rclcpp/qos.hpp:20[m[K,
[4.552s]                  from [01m[K/opt/ros/humble/include/rclcpp/rclcpp/node_interfaces/node_graph_interface.hpp:32[m[K,
[4.552s]                  from [01m[K/opt/ros/humble/include/rclcpp/rclcpp/client.hpp:42[m[K,
[4.552s]                  from [01m[K/opt/ros/humble/include/rclcpp/rclcpp/callback_group.hpp:23[m[K,
[4.552s]                  from [01m[K/opt/ros/humble/include/rclcpp/rclcpp/any_executable.hpp:20[m[K,
[4.553s]                  from [01m[K/opt/ros/humble/include/rclcpp/rclcpp/memory_strategy.hpp:25[m[K,
[4.553s]                  from [01m[K/opt/ros/humble/include/rclcpp/rclcpp/memory_strategies.hpp:18[m[K,
[4.553s]                  from [01m[K/opt/ros/humble/include/rclcpp/rclcpp/executor_options.hpp:20[m[K,
[4.553s]                  from [01m[K/opt/ros/humble/include/rclcpp/rclcpp/executor.hpp:37[m[K,
[4.553s]                  from [01m[K/opt/ros/humble/include/rclcpp/rclcpp/executors/multi_threaded_executor.hpp:25[m[K,
[4.553s]                  from [01m[K/opt/ros/humble/include/rclcpp/rclcpp/executors.hpp:21[m[K,
[4.553s]                  from [01m[K/opt/ros/humble/include/rclcpp/rclcpp/rclcpp.hpp:155[m[K,
[4.553s]                  from [01m[K/home/butthead/WS/robrep/hight/nuc/hight/src/subscriber.cpp:3[m[K:
[4.553s] [01m[K/opt/ros/humble/include/builtin_interfaces/builtin_interfaces/msg/detail/duration__struct.hpp:27:11:[m[K [01;36m[Knote: [m[K  â€˜[01m[Kbuiltin_interfaces::msg[m[Kâ€™
[4.553s]    27 | namespace [01;36m[Kmsg[m[K
[4.553s]       |           [01;36m[K^~~[m[K
[4.553s] In file included from [01m[K/opt/ros/humble/include/rcl_interfaces/rcl_interfaces/msg/set_parameters_result.hpp:7[m[K,
[4.553s]                  from [01m[K/opt/ros/humble/include/rclcpp/rclcpp/qos_overriding_options.hpp:28[m[K,
[4.553s]                  from [01m[K/opt/ros/humble/include/rclcpp/rclcpp/subscription_options.hpp:30[m[K,
[4.553s]                  from [01m[K/opt/ros/humble/include/rclcpp/rclcpp/subscription.hpp:45[m[K,
[4.554s]                  from [01m[K/opt/ros/humble/include/rclcpp/rclcpp/any_executable.hpp:25[m[K,
[4.554s]                  from [01m[K/opt/ros/humble/include/rclcpp/rclcpp/memory_strategy.hpp:25[m[K,
[4.554s]                  from [01m[K/opt/ros/humble/include/rclcpp/rclcpp/memory_strategies.hpp:18[m[K,
[4.554s]                  from [01m[K/opt/ros/humble/include/rclcpp/rclcpp/executor_options.hpp:20[m[K,
[4.554s]                  from [01m[K/opt/ros/humble/include/rclcpp/rclcpp/executor.hpp:37[m[K,
[4.554s]                  from [01m[K/opt/ros/humble/include/rclcpp/rclcpp/executors/multi_threaded_executor.hpp:25[m[K,
[4.554s]                  from [01m[K/opt/ros/humble/include/rclcpp/rclcpp/executors.hpp:21[m[K,
[4.554s]                  from [01m[K/opt/ros/humble/include/rclcpp/rclcpp/rclcpp.hpp:155[m[K,
[4.554s]                  from [01m[K/home/butthead/WS/robrep/hight/nuc/hight/src/subscriber.cpp:3[m[K:
[4.554s] [01m[K/opt/ros/humble/include/rcl_interfaces/rcl_interfaces/msg/detail/set_parameters_result__struct.hpp:27:11:[m[K [01;36m[Knote: [m[K  â€˜[01m[Krcl_interfaces::msg[m[Kâ€™
[4.554s]    27 | namespace [01;36m[Kmsg[m[K
[4.555s]       |           [01;36m[K^~~[m[K
[4.555s] In file included from [01m[K/opt/ros/humble/include/statistics_msgs/statistics_msgs/msg/detail/metrics_message__struct.hpp:23[m[K,
[4.555s]                  from [01m[K/opt/ros/humble/include/statistics_msgs/statistics_msgs/msg/metrics_message.hpp:7[m[K,
[4.555s]                  from [01m[K/opt/ros/humble/include/libstatistics_collector/libstatistics_collector/collector/generate_statistics_message.hpp:21[m[K,
[4.555s]                  from [01m[K/opt/ros/humble/include/rclcpp/rclcpp/topic_statistics/subscription_topic_statistics.hpp:23[m[K,
[4.556s]                  from [01m[K/opt/ros/humble/include/rclcpp/rclcpp/subscription.hpp:50[m[K,
[4.556s]                  from [01m[K/opt/ros/humble/include/rclcpp/rclcpp/any_executable.hpp:25[m[K,
[4.556s]                  from [01m[K/opt/ros/humble/include/rclcpp/rclcpp/memory_strategy.hpp:25[m[K,
[4.556s]                  from [01m[K/opt/ros/humble/include/rclcpp/rclcpp/memory_strategies.hpp:18[m[K,
[4.556s]                  from [01m[K/opt/ros/humble/include/rclcpp/rclcpp/executor_options.hpp:20[m[K,
[4.556s]                  from [01m[K/opt/ros/humble/include/rclcpp/rclcpp/executor.hpp:37[m[K,
[4.556s]                  from [01m[K/opt/ros/humble/include/rclcpp/rclcpp/executors/multi_threaded_executor.hpp:25[m[K,
[4.556s]                  from [01m[K/opt/ros/humble/include/rclcpp/rclcpp/executors.hpp:21[m[K,
[4.556s]                  from [01m[K/opt/ros/humble/include/rclcpp/rclcpp/rclcpp.hpp:155[m[K,
[4.556s]                  from [01m[K/home/butthead/WS/robrep/hight/nuc/hight/src/subscriber.cpp:3[m[K:
[4.556s] [01m[K/opt/ros/humble/include/statistics_msgs/statistics_msgs/msg/detail/statistic_data_point__struct.hpp:27:11:[m[K [01;36m[Knote: [m[K  â€˜[01m[Kstatistics_msgs::msg[m[Kâ€™
[4.557s]    27 | namespace [01;36m[Kmsg[m[K
[4.557s]       |           [01;36m[K^~~[m[K
[4.557s] In file included from [01m[K/opt/ros/humble/include/std_msgs/std_msgs/msg/string.hpp:7[m[K,
[4.557s]                  from [01m[K/home/butthead/WS/robrep/hight/nuc/hight/src/subscriber.cpp:4[m[K:
[4.557s] [01m[K/opt/ros/humble/include/std_msgs/std_msgs/msg/detail/string__struct.hpp:27:11:[m[K [01;36m[Knote: [m[K  â€˜[01m[Kstd_msgs::msg[m[Kâ€™
[4.557s]    27 | namespace [01;36m[Kmsg[m[K
[4.557s]       |           [01;36m[K^~~[m[K
[4.557s] [01m[K/home/butthead/WS/robrep/hight/nuc/hight/src/subscriber.cpp:9:46:[m[K [01;31m[Kerror: [m[Ktemplate argument 1 is invalid
[4.557s]     9 |         rclcpp::Subscription<std::msg::String[01;31m[K>[m[K::SharedPtr subscription_;
[4.557s]       |                                              [01;31m[K^[m[K
[4.558s] [01m[K/home/butthead/WS/robrep/hight/nuc/hight/src/subscriber.cpp:9:46:[m[K [01;31m[Kerror: [m[Ktemplate argument 3 is invalid
[4.558s] [01m[K/home/butthead/WS/robrep/hight/nuc/hight/src/subscriber.cpp:9:46:[m[K [01;31m[Kerror: [m[Ktemplate argument 4 is invalid
[4.558s] [01m[K/home/butthead/WS/robrep/hight/nuc/hight/src/subscriber.cpp:9:46:[m[K [01;31m[Kerror: [m[Ktemplate argument 5 is invalid
[4.558s] [01m[K/home/butthead/WS/robrep/hight/nuc/hight/src/subscriber.cpp:9:49:[m[K [01;31m[Kerror: [m[Kexpected â€˜[01m[K;[m[Kâ€™ at end of member declaration
[4.558s]     9 |         rclcpp::Subscription<std::msg::String>::[01;31m[KSharedPtr[m[K subscription_;
[4.558s]       |                                                 [01;31m[K^~~~~~~~~[m[K
[4.558s]       |                                                          [32m[K;[m[K
[4.560s] [01m[K/home/butthead/WS/robrep/hight/nuc/hight/src/subscriber.cpp:9:59:[m[K [01;31m[Kerror: [m[Kâ€˜[01m[Ksubscription_[m[Kâ€™ does not name a type; did you mean â€˜[01m[Krmw_subscription_t[m[Kâ€™?
[4.561s]     9 |         rclcpp::Subscription<std::msg::String>::SharedPtr [01;31m[Ksubscription_[m[K;
[4.561s]       |                                                           [01;31m[K^~~~~~~~~~~~~[m[K
[4.561s]       |                                                           [32m[Krmw_subscription_t[m[K
[4.561s] [01m[K/home/butthead/WS/robrep/hight/nuc/hight/src/subscriber.cpp:19:29:[m[K [01;31m[Kerror: [m[Kexpected â€˜[01m[K,[m[Kâ€™ or â€˜[01m[K...[m[Kâ€™ before â€˜[01m[K*[m[Kâ€™ token
[4.561s]    19 | int main(int argc, char argv[01;31m[K*[m[K*)
[4.561s]       |                             [01;31m[K^[m[K
[4.561s] [01m[K/home/butthead/WS/robrep/hight/nuc/hight/src/subscriber.cpp:25:2:[m[K [01;31m[Kerror: [m[Kexpected â€˜[01m[K}[m[Kâ€™ at end of input
[4.562s]    25 | }
[4.562s]       |  [01;31m[K^[m[K
[4.562s] [01m[K/home/butthead/WS/robrep/hight/nuc/hight/src/subscriber.cpp:7:1:[m[K [01;36m[Knote: [m[Kto match this â€˜[01m[K{[m[Kâ€™
[4.562s]     7 | [01;36m[K{[m[K
[4.562s]       | [01;36m[K^[m[K
[4.574s] [01m[K/home/butthead/WS/robrep/hight/nuc/hight/src/subscriber.cpp:[m[K In constructor â€˜[01m[KMinimalSubscriber::MinimalSubscriber()[m[Kâ€™:
[4.574s] [01m[K/home/butthead/WS/robrep/hight/nuc/hight/src/subscriber.cpp:17:17:[m[K [01;31m[Kerror: [m[Kâ€˜[01m[Ksubscription_[m[Kâ€™ was not declared in this scope; did you mean â€˜[01m[Krmw_subscription_t[m[Kâ€™?
[4.574s]    17 |                 [01;31m[Ksubscription_[m[K = this->create_subscription<std_msgs::msg::String>("topic". 10, std::bind(&MinimalSubscriber::topic_callback, this, _1));
[4.574s]       |                 [01;31m[K^~~~~~~~~~~~~[m[K
[4.574s]       |                 [32m[Krmw_subscription_t[m[K
[4.574s] [01m[K/home/butthead/WS/robrep/hight/nuc/hight/src/subscriber.cpp:17:91:[m[K [01;31m[Kerror: [m[Kexpected unqualified-id before numeric constant
[4.574s]    17 |                 subscription_ = this->create_subscription<std_msgs::msg::String>("topic". [01;31m[K10[m[K, std::bind(&MinimalSubscriber::topic_callback, this, _1));
[4.574s]       |                                                                                           [01;31m[K^~[m[K
[4.580s] [01m[K/home/butthead/WS/robrep/hight/nuc/hight/src/subscriber.cpp:[m[K In member function â€˜[01m[Kint MinimalSubscriber::main(int, char)[m[Kâ€™:
[4.580s] [01m[K/home/butthead/WS/robrep/hight/nuc/hight/src/subscriber.cpp:21:28:[m[K [01;31m[Kerror: [m[Kinvalid conversion from â€˜[01m[Kchar[m[Kâ€™ to â€˜[01m[Kconst char* const*[m[Kâ€™ [[01;31m[K]8;;https://gcc.gnu.org/onlinedocs/gcc/Warning-Options.html#index-fpermissive-fpermissive]8;;[m[K]
[4.580s]    21 |         rclcpp::init(argc, [01;31m[Kargv[m[K);
[4.580s]       |                            [01;31m[K^~~~[m[K
[4.580s]       |                            [01;31m[K|[m[K
[4.580s]       |                            [01;31m[Kchar[m[K
[4.581s] In file included from [01m[K/opt/ros/humble/include/rclcpp/rclcpp/logging.hpp:25[m[K,
[4.581s]                  from [01m[K/opt/ros/humble/include/rclcpp/rclcpp/client.hpp:40[m[K,
[4.581s]                  from [01m[K/opt/ros/humble/include/rclcpp/rclcpp/callback_group.hpp:23[m[K,
[4.581s]                  from [01m[K/opt/ros/humble/include/rclcpp/rclcpp/any_executable.hpp:20[m[K,
[4.581s]                  from [01m[K/opt/ros/humble/include/rclcpp/rclcpp/memory_strategy.hpp:25[m[K,
[4.581s]                  from [01m[K/opt/ros/humble/include/rclcpp/rclcpp/memory_strategies.hpp:18[m[K,
[4.581s]                  from [01m[K/opt/ros/humble/include/rclcpp/rclcpp/executor_options.hpp:20[m[K,
[4.581s]                  from [01m[K/opt/ros/humble/include/rclcpp/rclcpp/executor.hpp:37[m[K,
[4.581s]                  from [01m[K/opt/ros/humble/include/rclcpp/rclcpp/executors/multi_threaded_executor.hpp:25[m[K,
[4.582s]                  from [01m[K/opt/ros/humble/include/rclcpp/rclcpp/executors.hpp:21[m[K,
[4.582s]                  from [01m[K/opt/ros/humble/include/rclcpp/rclcpp/rclcpp.hpp:155[m[K,
[4.582s]                  from [01m[K/home/butthead/WS/robrep/hight/nuc/hight/src/subscriber.cpp:3[m[K:
[4.582s] [01m[K/opt/ros/humble/include/rclcpp/rclcpp/utilities.hpp:77:24:[m[K [01;36m[Knote: [m[K  initializing argument 2 of â€˜[01m[Kvoid rclcpp::init(int, const char* const*, const rclcpp::InitOptions&, rclcpp::SignalHandlerOptions)[m[Kâ€™
[4.582s]    77 |   [01;36m[Kchar const * const * argv[m[K,
[4.582s]       |   [01;36m[K~~~~~~~~~~~~~~~~~~~~~^~~~[m[K
[4.583s] [01m[K/home/butthead/WS/robrep/hight/nuc/hight/src/subscriber.cpp:22:27:[m[K [01;31m[Kerror: [m[Kâ€˜[01m[Kmake_shred[m[Kâ€™ is not a member of â€˜[01m[Kstd[m[Kâ€™; did you mean â€˜[01m[Kmake_shared[m[Kâ€™?
[4.583s]    22 |         rclcpp::spin(std::[01;31m[Kmake_shred[m[K<MinimalSubscriber>());
[4.583s]       |                           [01;31m[K^~~~~~~~~~[m[K
[4.583s]       |                           [32m[Kmake_shared[m[K
[4.583s] [01m[K/home/butthead/WS/robrep/hight/nuc/hight/src/subscriber.cpp:22:55:[m[K [01;31m[Kerror: [m[Kexpected primary-expression before â€˜[01m[K>[m[Kâ€™ token
[4.583s]    22 |         rclcpp::spin(std::make_shred<MinimalSubscriber[01;31m[K>[m[K());
[4.584s]       |                                                       [01;31m[K^[m[K
[4.584s] [01m[K/home/butthead/WS/robrep/hight/nuc/hight/src/subscriber.cpp:22:57:[m[K [01;31m[Kerror: [m[Kexpected primary-expression before â€˜[01m[K)[m[Kâ€™ token
[4.584s]    22 |         rclcpp::spin(std::make_shred<MinimalSubscriber>([01;31m[K)[m[K);
[4.584s]       |                                                         [01;31m[K^[m[K
[4.584s] [01m[K/home/butthead/WS/robrep/hight/nuc/hight/src/subscriber.cpp:[m[K At global scope:
[4.584s] [01m[K/home/butthead/WS/robrep/hight/nuc/hight/src/subscriber.cpp:25:2:[m[K [01;31m[Kerror: [m[Kexpected unqualified-id at end of input
[4.584s]    25 | }
[4.584s]       |  [01;31m[K^[m[K
[5.110s] gmake[2]: *** [CMakeFiles/listener.dir/build.make:76: CMakeFiles/listener.dir/src/subscriber.cpp.o] Error 1
[5.110s] gmake[1]: *** [CMakeFiles/Makefile2:165: CMakeFiles/listener.dir/all] Error 2
[5.110s] gmake[1]: *** Waiting for unfinished jobs....
[5.327s] gmake[2]: *** [CMakeFiles/talker.dir/build.make:76: CMakeFiles/talker.dir/src/publisher.cpp.o] Error 1
[5.327s] gmake[1]: *** [CMakeFiles/Makefile2:139: CMakeFiles/talker.dir/all] Error 2
[5.327s] gmake: *** [Makefile:146: all] Error 2
[5.342s] Invoked command in '/home/butthead/WS/robrep/hight/nuc/hight/build/hight' returned '2': CMAKE_PREFIX_PATH=/opt/ros/humble /usr/bin/cmake --build /home/butthead/WS/robrep/hight/nuc/hight/build/hight -- -j4 -l4
